2020-03-24 13:02:33 - DEBUG - Looking for jobs to run
2020-03-24 13:02:33 - DEBUG - Next wakeup is due at 2020-03-24 13:02:43.296975-04:00 (in 9.998224 seconds)
2020-03-24 13:02:33 - DEBUG - Looking for jobs to run
2020-03-24 13:02:33 - DEBUG - Next wakeup is due at 2020-03-24 13:02:43.579358-04:00 (in 9.998138 seconds)
2020-03-24 13:02:43 - DEBUG - Looking for jobs to run
2020-03-24 13:02:43 - DEBUG - Next wakeup is due at 2020-03-24 13:02:53.296975-04:00 (in 9.999259 seconds)
2020-03-24 13:02:43 - INFO - 0
2020-03-24 13:02:43 - DEBUG - Looking for jobs to run
2020-03-24 13:02:43 - DEBUG - Next wakeup is due at 2020-03-24 13:02:53.579358-04:00 (in 9.999017 seconds)
2020-03-24 13:02:43 - INFO - 0
2020-03-24 13:02:53 - DEBUG - Looking for jobs to run
2020-03-24 13:02:53 - INFO - 0
2020-03-24 13:02:53 - DEBUG - Next wakeup is due at 2020-03-24 13:03:03.296975-04:00 (in 9.998307 seconds)
2020-03-24 13:02:53 - DEBUG - Looking for jobs to run
2020-03-24 13:02:53 - DEBUG - Next wakeup is due at 2020-03-24 13:03:03.579358-04:00 (in 9.998318 seconds)
2020-03-24 13:02:53 - INFO - 0
2020-03-24 13:03:02 - INFO - Scheduler has been shut down
2020-03-24 13:03:02 - INFO - Scheduler has been shut down
2020-03-24 13:03:03 - DEBUG - Looking for jobs to run
2020-03-24 13:03:03 - DEBUG - No jobs; waiting until a job is added
2020-03-24 13:03:03 - DEBUG - Looking for jobs to run
2020-03-24 13:03:03 - DEBUG - No jobs; waiting until a job is added
