2020-03-24 10:42:49 - DEBUG - Looking for jobs to run
2020-03-24 10:42:49 - DEBUG - Next wakeup is due at 2020-03-24 10:42:59.941926-04:00 (in 9.998232 seconds)
2020-03-24 10:42:50 - DEBUG - Looking for jobs to run
2020-03-24 10:42:50 - DEBUG - Next wakeup is due at 2020-03-24 10:43:00.224357-04:00 (in 9.998177 seconds)
2020-03-24 10:42:59 - DEBUG - Looking for jobs to run
2020-03-24 10:42:59 - DEBUG - Next wakeup is due at 2020-03-24 10:43:09.941926-04:00 (in 9.998876 seconds)
2020-03-24 10:42:59 - INFO - 0
2020-03-24 10:43:00 - DEBUG - Looking for jobs to run
2020-03-24 10:43:00 - DEBUG - Next wakeup is due at 2020-03-24 10:43:10.224357-04:00 (in 9.998931 seconds)
2020-03-24 10:43:00 - INFO - 0
2020-03-24 10:43:00 - INFO - Scheduler has been shut down
2020-03-24 10:43:00 - INFO - Scheduler has been shut down
2020-03-24 10:43:00 - DEBUG - Looking for jobs to run
2020-03-24 10:43:00 - DEBUG - No jobs; waiting until a job is added
2020-03-24 10:43:00 - DEBUG - Looking for jobs to run
2020-03-24 10:43:00 - DEBUG - No jobs; waiting until a job is added
2020-03-24 10:43:29 - DEBUG - Looking for jobs to run
2020-03-24 10:43:29 - DEBUG - Next wakeup is due at 2020-03-24 10:43:39.537338-04:00 (in 9.997348 seconds)
2020-03-24 10:43:39 - DEBUG - Looking for jobs to run
2020-03-24 10:43:39 - DEBUG - Next wakeup is due at 2020-03-24 10:43:49.537338-04:00 (in 9.998774 seconds)
2020-03-24 10:43:39 - INFO - 0
2020-03-24 10:43:49 - DEBUG - Looking for jobs to run
2020-03-24 10:43:49 - DEBUG - Next wakeup is due at 2020-03-24 10:43:59.537338-04:00 (in 9.998027 seconds)
2020-03-24 10:43:49 - INFO - 0
2020-03-24 10:43:59 - DEBUG - Looking for jobs to run
2020-03-24 10:43:59 - DEBUG - Next wakeup is due at 2020-03-24 10:44:09.537338-04:00 (in 9.998323 seconds)
2020-03-24 10:43:59 - INFO - 0
2020-03-24 10:44:09 - DEBUG - Looking for jobs to run
2020-03-24 10:44:09 - DEBUG - Next wakeup is due at 2020-03-24 10:44:19.537338-04:00 (in 9.998592 seconds)
2020-03-24 10:44:09 - INFO - 0
2020-03-24 10:44:19 - DEBUG - Looking for jobs to run
2020-03-24 10:44:19 - DEBUG - Next wakeup is due at 2020-03-24 10:44:29.537338-04:00 (in 9.998623 seconds)
2020-03-24 10:44:19 - INFO - 0
2020-03-24 10:44:29 - DEBUG - Looking for jobs to run
2020-03-24 10:44:29 - DEBUG - Next wakeup is due at 2020-03-24 10:44:39.537338-04:00 (in 9.998582 seconds)
2020-03-24 10:44:29 - INFO - 88
2020-03-24 10:44:29 - INFO - 5e7a1cc49672dd80993b9fc3
2020-03-24 10:44:29 - INFO - 5e7a1cc49672dd80993b9fc4
2020-03-24 10:44:29 - INFO - 5e7a1cc49672dd80993b9fc5
2020-03-24 10:44:30 - INFO - 5e7a1cc49672dd80993b9fc6
2020-03-24 10:44:30 - INFO - 5e7a1cc49672dd80993b9fc7
2020-03-24 10:44:30 - INFO - 5e7a1cc49672dd80993b9fc8
2020-03-24 10:44:31 - INFO - 5e7a1cc49672dd80993b9fc9
2020-03-24 10:44:31 - INFO - 5e7a1cc49672dd80993b9fca
2020-03-24 10:44:32 - INFO - 5e7a1cc49672dd80993b9fcb
2020-03-24 10:44:32 - INFO - 5e7a1cc49672dd80993b9fcc
2020-03-24 10:44:32 - INFO - 5e7a1cc49672dd80993b9fcd
2020-03-24 10:44:33 - INFO - 5e7a1cc49672dd80993b9fce
2020-03-24 10:44:33 - INFO - 5e7a1cc49672dd80993b9fcf
2020-03-24 10:44:34 - INFO - 5e7a1cc49672dd80993b9fd0
2020-03-24 10:44:34 - INFO - 5e7a1cc49672dd80993b9fd1
2020-03-24 10:44:34 - INFO - 5e7a1cc49672dd80993b9fd2
2020-03-24 10:44:34 - INFO - 5e7a1cc49672dd80993b9fd3
2020-03-24 10:44:37 - INFO - 5e7a1cc49672dd80993b9fd4
2020-03-24 10:44:37 - INFO - 5e7a1cc49672dd80993b9fd5
2020-03-24 10:44:37 - INFO - 5e7a1cc49672dd80993b9fd6
2020-03-24 10:44:37 - INFO - 5e7a1cc49672dd80993b9fd7
2020-03-24 10:44:38 - INFO - 5e7a1cc49672dd80993b9fd8
2020-03-24 10:44:38 - INFO - 5e7a1cc49672dd80993b9fd9
2020-03-24 10:44:39 - INFO - 5e7a1cc49672dd80993b9fda
2020-03-24 10:44:39 - DEBUG - Looking for jobs to run
2020-03-24 10:44:39 - WARNING - Execution of job "mturk_check (trigger: interval[0:00:10], next run at: 2020-03-24 10:44:39 EDT)" skipped: maximum number of running instances reached (1)
2020-03-24 10:44:39 - DEBUG - Next wakeup is due at 2020-03-24 10:44:49.537338-04:00 (in 9.998651 seconds)
2020-03-24 10:44:39 - INFO - 5e7a1cc49672dd80993b9fdb
2020-03-24 10:44:39 - INFO - 5e7a1cc49672dd80993b9fdc
2020-03-24 10:44:40 - INFO - 5e7a1cc49672dd80993b9fdd
2020-03-24 10:44:40 - INFO - 5e7a1cc49672dd80993b9fde
2020-03-24 10:44:42 - INFO - 5e7a1cc49672dd80993b9fdf
2020-03-24 10:44:42 - INFO - 5e7a1cc49672dd80993b9fe0
2020-03-24 10:44:42 - INFO - 5e7a1cc49672dd80993b9fe1
2020-03-24 10:44:43 - INFO - 5e7a1cc49672dd80993b9fe2
2020-03-24 10:44:43 - INFO - 5e7a1cc49672dd80993b9fe3
2020-03-24 10:44:45 - INFO - 5e7a1cc49672dd80993b9fe4
2020-03-24 10:44:45 - INFO - 5e7a1cc49672dd80993b9fe5
2020-03-24 10:44:45 - INFO - 5e7a1cc49672dd80993b9fe6
2020-03-24 10:44:45 - INFO - 5e7a1cc49672dd80993b9fe7
2020-03-24 10:44:46 - INFO - 5e7a1cc49672dd80993b9fe8
2020-03-24 10:44:47 - INFO - 5e7a1cc49672dd80993b9fe9
2020-03-24 10:44:47 - INFO - 5e7a1cc49672dd80993b9fea
2020-03-24 10:44:48 - INFO - 5e7a1cc49672dd80993b9feb
2020-03-24 10:44:48 - INFO - 5e7a1cc49672dd80993b9fec
2020-03-24 10:44:48 - INFO - 5e7a1cc49672dd80993b9fed
2020-03-24 10:44:49 - DEBUG - Looking for jobs to run
2020-03-24 10:44:49 - WARNING - Execution of job "mturk_check (trigger: interval[0:00:10], next run at: 2020-03-24 10:44:49 EDT)" skipped: maximum number of running instances reached (1)
2020-03-24 10:44:49 - DEBUG - Next wakeup is due at 2020-03-24 10:44:59.537338-04:00 (in 9.998993 seconds)
2020-03-24 10:44:50 - INFO - 5e7a1cc49672dd80993b9fee
2020-03-24 10:44:50 - INFO - 5e7a1cc49672dd80993b9fef
2020-03-24 10:44:50 - INFO - 5e7a1cc49672dd80993b9ff0
2020-03-24 10:44:51 - INFO - 5e7a1cc49672dd80993b9ff1
2020-03-24 10:44:51 - INFO - 5e7a1cc49672dd80993b9ff2
2020-03-24 10:44:51 - INFO - 5e7a1cc49672dd80993b9ff3
2020-03-24 10:44:51 - INFO - 5e7a1cc49672dd80993b9ff4
2020-03-24 10:44:52 - INFO - 5e7a1cc49672dd80993b9ff5
2020-03-24 10:44:54 - INFO - 5e7a1cc49672dd80993b9ff6
2020-03-24 10:44:54 - INFO - 5e7a1cc49672dd80993b9ff7
2020-03-24 10:44:54 - INFO - 5e7a1cc49672dd80993b9ff8
2020-03-24 10:44:56 - INFO - 5e7a1cc49672dd80993b9ff9
2020-03-24 10:44:56 - INFO - 5e7a1cc49672dd80993b9ffa
2020-03-24 10:44:56 - INFO - 5e7a1cc49672dd80993b9ffb
2020-03-24 10:44:56 - INFO - 5e7a1cc49672dd80993b9ffc
2020-03-24 10:44:56 - INFO - 5e7a1cc49672dd80993b9ffd
2020-03-24 10:44:58 - INFO - 5e7a1cc49672dd80993b9ffe
2020-03-24 10:44:58 - INFO - 5e7a1cc49672dd80993b9fff
2020-03-24 10:44:59 - INFO - 5e7a1cc49672dd80993ba000
2020-03-24 10:44:59 - INFO - 5e7a1cc49672dd80993ba001
2020-03-24 10:44:59 - DEBUG - Looking for jobs to run
2020-03-24 10:44:59 - WARNING - Execution of job "mturk_check (trigger: interval[0:00:10], next run at: 2020-03-24 10:44:59 EDT)" skipped: maximum number of running instances reached (1)
2020-03-24 10:44:59 - DEBUG - Next wakeup is due at 2020-03-24 10:45:09.537338-04:00 (in 9.999306 seconds)
2020-03-24 10:44:59 - INFO - 5e7a1cc49672dd80993ba002
2020-03-24 10:45:00 - INFO - 5e7a1cc49672dd80993ba003
2020-03-24 10:45:00 - INFO - 5e7a1cc49672dd80993ba004
2020-03-24 10:45:00 - INFO - 5e7a1cc49672dd80993ba005
2020-03-24 10:45:01 - INFO - 5e7a1cc49672dd80993ba006
2020-03-24 10:45:01 - INFO - 5e7a1cc49672dd80993ba007
2020-03-24 10:45:02 - INFO - 5e7a1cc49672dd80993ba008
2020-03-24 10:45:03 - INFO - 5e7a1cc49672dd80993ba009
2020-03-24 10:45:03 - INFO - 5e7a1cc49672dd80993ba00a
2020-03-24 10:45:04 - INFO - 5e7a1cc49672dd80993ba00b
2020-03-24 10:45:04 - INFO - 5e7a1cc49672dd80993ba00c
2020-03-24 10:45:04 - INFO - 5e7a1cc49672dd80993ba00d
2020-03-24 10:45:04 - INFO - 5e7a1cc49672dd80993ba00e
2020-03-24 10:45:04 - INFO - 5e7a1cc49672dd80993ba00f
2020-03-24 10:45:09 - DEBUG - Looking for jobs to run
2020-03-24 10:45:09 - WARNING - Execution of job "mturk_check (trigger: interval[0:00:10], next run at: 2020-03-24 10:45:09 EDT)" skipped: maximum number of running instances reached (1)
2020-03-24 10:45:09 - DEBUG - Next wakeup is due at 2020-03-24 10:45:19.537338-04:00 (in 9.999121 seconds)
2020-03-24 10:45:09 - INFO - 5e7a1cc49672dd80993ba010
2020-03-24 10:45:10 - INFO - 5e7a1cc49672dd80993ba011
2020-03-24 10:45:10 - INFO - 5e7a1cc49672dd80993ba012
2020-03-24 10:45:10 - INFO - 5e7a1cc49672dd80993ba013
2020-03-24 10:45:10 - INFO - 5e7a1cc49672dd80993ba014
2020-03-24 10:45:10 - INFO - 5e7a1cc49672dd80993ba015
2020-03-24 10:45:11 - INFO - 5e7a1cc49672dd80993ba016
2020-03-24 10:45:11 - INFO - 5e7a1cc49672dd80993ba017
2020-03-24 10:45:11 - INFO - 5e7a1cc49672dd80993ba018
2020-03-24 10:45:11 - INFO - 5e7a1cc49672dd80993ba019
2020-03-24 10:45:12 - INFO - 5e7a1cc49672dd80993ba01a
2020-03-24 10:45:19 - DEBUG - Looking for jobs to run
2020-03-24 10:45:19 - DEBUG - Next wakeup is due at 2020-03-24 10:45:29.537338-04:00 (in 9.998950 seconds)
2020-03-24 10:45:19 - INFO - 0
2020-03-24 10:45:29 - DEBUG - Looking for jobs to run
2020-03-24 10:45:29 - DEBUG - Next wakeup is due at 2020-03-24 10:45:39.537338-04:00 (in 9.998583 seconds)
2020-03-24 10:45:29 - INFO - 0
2020-03-24 10:45:39 - DEBUG - Looking for jobs to run
2020-03-24 10:45:39 - DEBUG - Next wakeup is due at 2020-03-24 10:45:49.537338-04:00 (in 9.998576 seconds)
2020-03-24 10:45:39 - INFO - 0
2020-03-24 10:45:49 - DEBUG - Looking for jobs to run
2020-03-24 10:45:49 - DEBUG - Next wakeup is due at 2020-03-24 10:45:59.537338-04:00 (in 9.998596 seconds)
2020-03-24 10:45:49 - INFO - 0
2020-03-24 10:45:59 - DEBUG - Looking for jobs to run
2020-03-24 10:45:59 - DEBUG - Next wakeup is due at 2020-03-24 10:46:09.537338-04:00 (in 9.998626 seconds)
2020-03-24 10:45:59 - INFO - 0
2020-03-24 10:46:09 - DEBUG - Looking for jobs to run
2020-03-24 10:46:09 - DEBUG - Next wakeup is due at 2020-03-24 10:46:19.537338-04:00 (in 9.998389 seconds)
2020-03-24 10:46:09 - INFO - 0
2020-03-24 10:46:19 - DEBUG - Looking for jobs to run
2020-03-24 10:46:19 - DEBUG - Next wakeup is due at 2020-03-24 10:46:29.537338-04:00 (in 9.998185 seconds)
2020-03-24 10:46:19 - INFO - 0
2020-03-24 10:46:29 - DEBUG - Looking for jobs to run
2020-03-24 10:46:29 - DEBUG - Next wakeup is due at 2020-03-24 10:46:39.537338-04:00 (in 9.998505 seconds)
2020-03-24 10:46:29 - INFO - 0
2020-03-24 10:46:39 - DEBUG - Looking for jobs to run
2020-03-24 10:46:39 - DEBUG - Next wakeup is due at 2020-03-24 10:46:49.537338-04:00 (in 9.998257 seconds)
2020-03-24 10:46:39 - INFO - 0
2020-03-24 10:46:49 - DEBUG - Looking for jobs to run
2020-03-24 10:46:49 - DEBUG - Next wakeup is due at 2020-03-24 10:46:59.537338-04:00 (in 9.998241 seconds)
2020-03-24 10:46:49 - INFO - 0
2020-03-24 10:46:59 - DEBUG - Looking for jobs to run
2020-03-24 10:46:59 - DEBUG - Next wakeup is due at 2020-03-24 10:47:09.537338-04:00 (in 9.998222 seconds)
2020-03-24 10:46:59 - INFO - 0
2020-03-24 10:47:09 - DEBUG - Looking for jobs to run
2020-03-24 10:47:09 - DEBUG - Next wakeup is due at 2020-03-24 10:47:19.537338-04:00 (in 9.998771 seconds)
2020-03-24 10:47:09 - INFO - 0
2020-03-24 10:47:19 - DEBUG - Looking for jobs to run
2020-03-24 10:47:19 - DEBUG - Next wakeup is due at 2020-03-24 10:47:29.537338-04:00 (in 9.998704 seconds)
2020-03-24 10:47:19 - INFO - 0
2020-03-24 10:47:29 - DEBUG - Looking for jobs to run
2020-03-24 10:47:29 - DEBUG - Next wakeup is due at 2020-03-24 10:47:39.537338-04:00 (in 9.998321 seconds)
2020-03-24 10:47:29 - INFO - 0
2020-03-24 10:47:39 - DEBUG - Looking for jobs to run
2020-03-24 10:47:39 - DEBUG - Next wakeup is due at 2020-03-24 10:47:49.537338-04:00 (in 9.998182 seconds)
2020-03-24 10:47:39 - INFO - 0
2020-03-24 10:47:49 - DEBUG - Looking for jobs to run
2020-03-24 10:47:49 - DEBUG - Next wakeup is due at 2020-03-24 10:47:59.537338-04:00 (in 9.997252 seconds)
2020-03-24 10:47:49 - INFO - 0
2020-03-24 10:47:59 - DEBUG - Looking for jobs to run
2020-03-24 10:47:59 - DEBUG - Next wakeup is due at 2020-03-24 10:48:09.537338-04:00 (in 9.998340 seconds)
2020-03-24 10:47:59 - INFO - 0
2020-03-24 10:48:09 - DEBUG - Looking for jobs to run
2020-03-24 10:48:09 - DEBUG - Next wakeup is due at 2020-03-24 10:48:19.537338-04:00 (in 9.998285 seconds)
2020-03-24 10:48:09 - INFO - 0
2020-03-24 10:48:19 - DEBUG - Looking for jobs to run
2020-03-24 10:48:19 - DEBUG - Next wakeup is due at 2020-03-24 10:48:29.537338-04:00 (in 9.998095 seconds)
2020-03-24 10:48:19 - INFO - 0
2020-03-24 10:48:29 - DEBUG - Looking for jobs to run
2020-03-24 10:48:29 - DEBUG - Next wakeup is due at 2020-03-24 10:48:39.537338-04:00 (in 9.998462 seconds)
2020-03-24 10:48:29 - INFO - 0
2020-03-24 10:48:39 - DEBUG - Looking for jobs to run
2020-03-24 10:48:39 - DEBUG - Next wakeup is due at 2020-03-24 10:48:49.537338-04:00 (in 9.998440 seconds)
2020-03-24 10:48:39 - INFO - 0
2020-03-24 10:48:49 - DEBUG - Looking for jobs to run
2020-03-24 10:48:49 - DEBUG - Next wakeup is due at 2020-03-24 10:48:59.537338-04:00 (in 9.998457 seconds)
2020-03-24 10:48:49 - INFO - 0
2020-03-24 10:48:59 - DEBUG - Looking for jobs to run
2020-03-24 10:48:59 - DEBUG - Next wakeup is due at 2020-03-24 10:49:09.537338-04:00 (in 9.998203 seconds)
2020-03-24 10:48:59 - INFO - 0
2020-03-24 10:49:09 - DEBUG - Looking for jobs to run
2020-03-24 10:49:09 - DEBUG - Next wakeup is due at 2020-03-24 10:49:19.537338-04:00 (in 9.998542 seconds)
2020-03-24 10:49:09 - INFO - 0
2020-03-24 10:49:19 - DEBUG - Looking for jobs to run
2020-03-24 10:49:19 - DEBUG - Next wakeup is due at 2020-03-24 10:49:29.537338-04:00 (in 9.998307 seconds)
2020-03-24 10:49:19 - INFO - 0
2020-03-24 10:49:29 - DEBUG - Looking for jobs to run
2020-03-24 10:49:29 - DEBUG - Next wakeup is due at 2020-03-24 10:49:39.537338-04:00 (in 9.998332 seconds)
2020-03-24 10:49:29 - INFO - 0
2020-03-24 10:49:39 - DEBUG - Looking for jobs to run
2020-03-24 10:49:39 - DEBUG - Next wakeup is due at 2020-03-24 10:49:49.537338-04:00 (in 9.998461 seconds)
2020-03-24 10:49:39 - INFO - 0
2020-03-24 10:49:49 - DEBUG - Looking for jobs to run
2020-03-24 10:49:49 - DEBUG - Next wakeup is due at 2020-03-24 10:49:59.537338-04:00 (in 9.998331 seconds)
2020-03-24 10:49:49 - INFO - 0
2020-03-24 10:49:59 - DEBUG - Looking for jobs to run
2020-03-24 10:49:59 - DEBUG - Next wakeup is due at 2020-03-24 10:50:09.537338-04:00 (in 9.998248 seconds)
2020-03-24 10:49:59 - INFO - 0
2020-03-24 10:50:09 - DEBUG - Looking for jobs to run
2020-03-24 10:50:09 - DEBUG - Next wakeup is due at 2020-03-24 10:50:19.537338-04:00 (in 9.998344 seconds)
2020-03-24 10:50:09 - INFO - 0
2020-03-24 10:50:17 - INFO - Scheduler has been shut down
2020-03-24 10:50:17 - INFO - Scheduler has been shut down
2020-03-24 10:50:17 - INFO - Scheduler has been shut down
